Build started 15/04/2015 05:56:28.
     1>Project "C:\Users\Sam\Documents\Visual Studio 2013\Projects\Project1\Project1\Project1.vcxproj" on node 2 (Build target(s)).
     1>ClCompile:
         C:\Program Files (x86)\Microsoft Visual Studio 12.0\VC\bin\CL.exe /c /ZI /nologo /W3 /WX- /sdl /Od /Oy- /D _MBCS /Gm /EHsc /RTC1 /MDd /GS /fp:precise /Zc:wchar_t /Zc:forScope /Fo"Debug\\" /Fd"Debug\vc120.pdb" /Gd /TP /analyze- /errorReport:prompt Main.cpp
         Main.cpp
       Link:
         C:\Program Files (x86)\Microsoft Visual Studio 12.0\VC\bin\link.exe /ERRORREPORT:PROMPT /OUT:"C:\Users\Sam\Documents\Visual Studio 2013\Projects\Project1\Debug\GP1.exe" /INCREMENTAL /NOLOGO kernel32.lib user32.lib gdi32.lib winspool.lib comdlg32.lib advapi32.lib shell32.lib ole32.lib oleaut32.lib uuid.lib odbc32.lib odbccp32.lib /MANIFEST /MANIFESTUAC:"level='asInvoker' uiAccess='false'" /manifest:embed /DEBUG /PDB:"C:\Users\Sam\Documents\Visual Studio 2013\Projects\Project1\Debug\GP1.pdb" /TLBID:1 /DYNAMICBASE /NXCOMPAT /IMPLIB:"C:\Users\Sam\Documents\Visual Studio 2013\Projects\Project1\Debug\GP1.lib" /MACHINE:X86 Debug\cBkGround.obj
         Debug\cBullet.obj
         Debug\cTexture.obj
         Debug\Main.obj
         Debug\Sprite.obj
         Libraries\alut.lib
         Libraries\DevIL.lib
         Libraries\freeglut.lib
         Libraries\ftgl.lib
         Libraries\glew32.lib
         Libraries\glew32s.lib
         Libraries\ILU.lib
         Libraries\ILUT.lib
         Libraries\OpenAL32.lib
         Project1.vcxproj -> C:\Users\Sam\Documents\Visual Studio 2013\Projects\Project1\Debug\GP1.exe
     1>Done Building Project "C:\Users\Sam\Documents\Visual Studio 2013\Projects\Project1\Project1\Project1.vcxproj" (Build target(s)).

Build succeeded.

Time Elapsed 00:00:01.15
